<?xml version="1.0" encoding="UTF-8"?>
<testng-results skipped="0" failed="0" total="1" passed="1">
  <reporter-output>
  </reporter-output>
  <suite name="Default suite" duration-ms="64894" started-at="2018-08-06T06:55:06Z" finished-at="2018-08-06T06:56:11Z">
    <groups>
    </groups>
    <test name="Default test" duration-ms="64894" started-at="2018-08-06T06:55:06Z" finished-at="2018-08-06T06:56:11Z">
      <class name="cn.lixing.worker.Test.TestCase.BindCodeTesCase">
        <test-method status="PASS" signature="initTestData()[pri:0, instance:cn.lixing.worker.Test.TestCase.BindCodeTesCase@282ba1e]" name="initTestData" is-config="true" duration-ms="26531" started-at="2018-08-06T14:55:06Z" finished-at="2018-08-06T14:55:32Z">
          <reporter-output>
          </reporter-output>
        </test-method> <!-- initTestData -->
        <test-method status="PASS" signature="BindCodeTest_01(java.lang.String)[pri:0, instance:cn.lixing.worker.Test.TestCase.BindCodeTesCase@282ba1e]" name="BindCodeTest_01" duration-ms="38346" started-at="2018-08-06T14:55:32Z" data-provider="BindCodeData" finished-at="2018-08-06T14:56:11Z">
          <params>
            <param index="0">
              <value>
                <![CDATA[aBFnFQMQS]]>
              </value>
            </param>
          </params>
          <reporter-output>
          </reporter-output>
        </test-method> <!-- BindCodeTest_01 -->
      </class> <!-- cn.lixing.worker.Test.TestCase.BindCodeTesCase -->
    </test> <!-- Default test -->
  </suite> <!-- Default suite -->
</testng-results>
