<?xml version="1.0" encoding="UTF-8"?>
<!-- Generated by org.testng.reporters.JUnitXMLReporter -->
<testsuite hostname="admin-PC" name="WorkerTest" tests="3" failures="0" timestamp="19 Jul 2018 06:47:26 GMT" time="138.143" errors="0">
  <testcase name="BindCodeTest_01" time="38.85" classname="cn.lixing.worker.Test.TestCase.BindCodeTesCase"/>
  <testcase name="RepCodeTestCase_01" time="13.092" classname="cn.lixing.worker.Test.TestCase.RepCodeTestCase"/>
  <testcase name="useDeQrCodeTestCase" time="25.952" classname="cn.lixing.worker.Test.TestCase.DeCodeTestCase"/>
</testsuite> <!-- WorkerTest -->
