<?xml version="1.0" encoding="UTF-8"?>
<!-- Generated by org.testng.reporters.JUnitXMLReporter -->
<testsuite hostname="admin-PC" name="WorkerTest" tests="3" failures="0" timestamp="31 Jul 2018 07:27:49 GMT" time="161.816" errors="0">
  <testcase name="BindCodeTest_01" time="38.632" classname="cn.lixing.worker.Test.TestCase.BindCodeTesCase"/>
  <testcase name="RepCodeTestCase_01" time="14.9" classname="cn.lixing.worker.Test.TestCase.RepCodeTestCase"/>
  <testcase name="useDeQrCodeTestCase" time="43.769" classname="cn.lixing.worker.Test.TestCase.DeCodeTestCase"/>
</testsuite> <!-- WorkerTest -->
